TN:
SF:src\client\getPerson.js
FN:3,getPerson
FNF:1
FNH:1
FNDA:1,getPerson
DA:5,1
DA:7,1
DA:11,1
LF:3
LH:3
BRF:0
BRH:0
end_of_record
TN:
SF:src\db\dynamodb.js
FN:16,(anonymous_0)
FN:35,(anonymous_1)
FN:52,(anonymous_2)
FNF:3
FNH:3
FNDA:1,(anonymous_0)
FNDA:1,(anonymous_1)
FNDA:1,(anonymous_2)
DA:3,1
DA:5,1
DA:6,1
DA:13,1
DA:15,1
DA:17,1
DA:24,1
DA:26,1
DA:27,0
DA:32,1
DA:36,1
DA:41,1
DA:43,1
DA:44,0
DA:49,1
DA:53,1
DA:57,1
DA:59,1
DA:60,0
DA:65,1
LF:20
LH:17
BRDA:5,0,0,1
BRDA:5,0,1,0
BRDA:26,1,0,0
BRDA:26,1,1,1
BRDA:26,2,0,1
BRDA:26,2,1,1
BRDA:43,3,0,0
BRDA:43,3,1,1
BRDA:59,4,0,0
BRDA:59,4,1,1
BRDA:59,5,0,1
BRDA:59,5,1,1
BRF:12
BRH:8
end_of_record
